\BOOKMARK [0][-]{chapter.1}{\376\377\000A\000d\000m\000i\000n\000\040\000Q\000u\000i\000c\000k\000\040\000S\000t\000a\000r\000t}{}% 1
\BOOKMARK [1][-]{section.1.1}{\376\377\000I\000n\000s\000t\000a\000l\000l\000a\000t\000i\000o\000n}{chapter.1}% 2
\BOOKMARK [2][-]{subsection.1.1.1}{\376\377\000I\000n\000s\000t\000a\000l\000l\000\040\000B\000u\000i\000l\000d\000\040\000D\000e\000p\000e\000n\000d\000e\000n\000c\000i\000e\000s}{section.1.1}% 3
\BOOKMARK [2][-]{subsection.1.1.2}{\376\377\000I\000n\000s\000t\000a\000l\000l\000\040\000G\000o}{section.1.1}% 4
\BOOKMARK [2][-]{subsection.1.1.3}{\376\377\000D\000o\000w\000n\000l\000o\000a\000d\000\040\000S\000o\000u\000r\000c\000e}{section.1.1}% 5
\BOOKMARK [2][-]{subsection.1.1.4}{\376\377\000C\000o\000n\000f\000i\000g\000u\000r\000e\000\040\000t\000h\000e\000\040\000B\000u\000i\000l\000d}{section.1.1}% 6
\BOOKMARK [2][-]{subsection.1.1.5}{\376\377\000C\000o\000n\000f\000i\000g\000u\000r\000a\000t\000i\000o\000n\000\040\000\050\000l\000o\000c\000a\000l\000s\000t\000a\000t\000e\000d\000i\000r\000\051}{section.1.1}% 7
\BOOKMARK [2][-]{subsection.1.1.6}{\376\377\000B\000u\000i\000l\000d\000\040\000f\000r\000o\000m\000\040\000S\000o\000u\000r\000c\000e}{section.1.1}% 8
\BOOKMARK [2][-]{subsection.1.1.7}{\376\377\000B\000u\000i\000l\000d\000\040\000a\000n\000\040\000R\000P\000M\000\040\000f\000r\000o\000m\000\040\000S\000o\000u\000r\000c\000e}{section.1.1}% 9
\BOOKMARK [0][-]{chapter.2}{\376\377\000S\000e\000c\000u\000r\000i\000t\000y}{}% 10
\BOOKMARK [1][-]{section.2.1}{\376\377\000C\000o\000n\000t\000a\000i\000n\000e\000r\000\040\000s\000e\000c\000u\000r\000i\000t\000y\000\040\000p\000a\000r\000a\000d\000i\000g\000m\000s}{chapter.2}% 11
\BOOKMARK [1][-]{section.2.2}{\376\377\000U\000n\000t\000r\000u\000s\000t\000e\000d\000\040\000u\000s\000e\000r\000s\000\040\000r\000u\000n\000n\000i\000n\000g\000\040\000u\000n\000t\000r\000u\000s\000t\000e\000d\000\040\000c\000o\000n\000t\000a\000i\000n\000e\000r\000s\000!}{chapter.2}% 12
\BOOKMARK [2][-]{subsection.2.2.1}{\376\377\000P\000r\000i\000v\000i\000l\000e\000g\000e\000\040\000e\000s\000c\000a\000l\000a\000t\000i\000o\000n\000\040\000i\000s\000\040\000n\000e\000c\000e\000s\000s\000a\000r\000y\000\040\000f\000o\000r\000\040\000c\000o\000n\000t\000a\000i\000n\000e\000r\000i\000z\000a\000t\000i\000o\000n\000!}{section.2.2}% 13
\BOOKMARK [2][-]{subsection.2.2.2}{\376\377\000H\000o\000w\000\040\000d\000o\000e\000s\000\040\000S\000i\000n\000g\000u\000l\000a\000r\000i\000t\000y\000\040\000d\000o\000\040\000i\000t\000?}{section.2.2}% 14
\BOOKMARK [1][-]{section.2.3}{\376\377\000W\000h\000e\000r\000e\000\040\000a\000r\000e\000\040\000t\000h\000e\000\040\000S\000i\000n\000g\000u\000l\000a\000r\000i\000t\000y\000\040\000p\000r\000i\000v\000i\000l\000e\000d\000g\000e\000d\000\040\000c\000o\000m\000p\000o\000n\000e\000n\000t\000s}{chapter.2}% 15
\BOOKMARK [1][-]{section.2.4}{\376\377\000C\000a\000n\000\040\000I\000\040\000i\000n\000s\000t\000a\000l\000l\000\040\000S\000i\000n\000g\000u\000l\000a\000r\000i\000t\000y\000\040\000a\000s\000\040\000a\000\040\000u\000s\000e\000r\000?}{chapter.2}% 16
\BOOKMARK [1][-]{section.2.5}{\376\377\000C\000o\000n\000t\000a\000i\000n\000e\000r\000\040\000p\000e\000r\000m\000i\000s\000s\000i\000o\000n\000s\000\040\000a\000n\000d\000\040\000u\000s\000a\000g\000e\000\040\000s\000t\000r\000a\000t\000e\000g\000y}{chapter.2}% 17
\BOOKMARK [2][-]{subsection.2.5.1}{\376\377\000c\000o\000n\000t\000r\000o\000l\000l\000i\000n\000g\000\040\000w\000h\000a\000t\000\040\000k\000i\000n\000d\000\040\000o\000f\000\040\000c\000o\000n\000t\000a\000i\000n\000e\000r\000s\000\040\000a\000r\000e\000\040\000a\000l\000l\000o\000w\000e\000d}{section.2.5}% 18
\BOOKMARK [2][-]{subsection.2.5.2}{\376\377\000l\000i\000m\000i\000t\000i\000n\000g\000\040\000u\000s\000a\000g\000e\000\040\000t\000o\000\040\000s\000p\000e\000c\000i\000f\000i\000c\000\040\000c\000o\000n\000t\000a\000i\000n\000e\000r\000\040\000f\000i\000l\000e\000\040\000o\000w\000n\000e\000r\000s}{section.2.5}% 19
\BOOKMARK [2][-]{subsection.2.5.3}{\376\377\000l\000i\000m\000i\000t\000i\000n\000g\000\040\000u\000s\000a\000g\000e\000\040\000t\000o\000\040\000s\000p\000e\000c\000i\000f\000i\000c\000\040\000p\000a\000t\000h\000s}{section.2.5}% 20
\BOOKMARK [1][-]{section.2.6}{\376\377\000L\000o\000g\000g\000i\000n\000g}{chapter.2}% 21
\BOOKMARK [2][-]{subsection.2.6.1}{\376\377\000A\000\040\000p\000e\000e\000k\000\040\000i\000n\000t\000o\000\040\000t\000h\000e\000\040\000S\000e\000t\000U\000I\000D\000\040\000p\000r\000o\000g\000r\000a\000m\000\040\000f\000l\000o\000w}{section.2.6}% 22
\BOOKMARK [2][-]{subsection.2.6.2}{\376\377\000A\000\040\000p\000e\000e\000k\000\040\000i\000n\000t\000o\000\040\000t\000h\000e\000\040\040\034\000r\000o\000o\000t\000l\000e\000s\000s\040\035\000\040\000p\000r\000o\000g\000r\000a\000m\000\040\000f\000l\000o\000w}{section.2.6}% 23
\BOOKMARK [1][-]{section.2.7}{\376\377\000S\000u\000m\000m\000a\000r\000y}{chapter.2}% 24
\BOOKMARK [0][-]{chapter.3}{\376\377\000T\000h\000e\000\040\000S\000i\000n\000g\000u\000l\000a\000r\000i\000t\000y\000\040\000C\000o\000n\000f\000i\000g\000\040\000F\000i\000l\000e}{}% 25
\BOOKMARK [1][-]{section.3.1}{\376\377\000P\000a\000r\000a\000m\000e\000t\000e\000r\000s}{chapter.3}% 26
\BOOKMARK [2][-]{subsection.3.1.1}{\376\377\000A\000L\000L\000O\000W\000\040\000S\000E\000T\000U\000I\000D\000\040\000\050\000b\000o\000o\000l\000e\000a\000n\000,\000\040\000d\000e\000f\000a\000u\000l\000t\000=\040\031\000y\000e\000s\040\031\000\051}{section.3.1}% 27
\BOOKMARK [2][-]{subsection.3.1.2}{\376\377\000A\000L\000L\000O\000W\000\040\000P\000I\000D\000\040\000N\000S\000\040\000\050\000b\000o\000o\000l\000e\000a\000n\000,\000\040\000d\000e\000f\000a\000u\000l\000t\000=\040\031\000y\000e\000s\040\031\000\051}{section.3.1}% 28
\BOOKMARK [2][-]{subsection.3.1.3}{\376\377\000E\000N\000A\000B\000L\000E\000\040\000O\000V\000E\000R\000L\000A\000Y\000\040\000\050\000b\000o\000o\000l\000e\000a\000n\000,\000\040\000d\000e\000f\000a\000u\000l\000t\000=\040\031\000n\000o\040\031\000\051}{section.3.1}% 29
\BOOKMARK [2][-]{subsection.3.1.4}{\376\377\000C\000O\000N\000F\000I\000G\000\040\000P\000A\000S\000S\000W\000D\000,\000\040\000G\000R\000O\000U\000P\000,\000\040\000R\000E\000S\000O\000L\000V\000\137\000C\000O\000N\000F\000\040\000\050\000b\000o\000o\000l\000e\000a\000n\000,\000\040\000d\000e\000f\000a\000u\000l\000t\000=\040\031\000y\000e\000s\040\031\000\051}{section.3.1}% 30
\BOOKMARK [2][-]{subsection.3.1.5}{\376\377\000M\000O\000U\000N\000T\000\040\000P\000R\000O\000C\000,\000S\000Y\000S\000,\000D\000E\000V\000,\000H\000O\000M\000E\000,\000T\000M\000P\000\040\000\050\000b\000o\000o\000l\000e\000a\000n\000,\000\040\000d\000e\000f\000a\000u\000l\000t\000=\040\031\000y\000e\000s\040\031\000\051}{section.3.1}% 31
\BOOKMARK [2][-]{subsection.3.1.6}{\376\377\000M\000O\000U\000N\000T\000\040\000H\000O\000S\000T\000F\000S\000\040\000\050\000b\000o\000o\000l\000e\000a\000n\000,\000\040\000d\000e\000f\000a\000u\000l\000t\000=\040\031\000n\000o\040\031\000\051}{section.3.1}% 32
\BOOKMARK [2][-]{subsection.3.1.7}{\376\377\000B\000I\000N\000D\000\040\000P\000A\000T\000H\000\040\000\050\000s\000t\000r\000i\000n\000g\000\051}{section.3.1}% 33
\BOOKMARK [2][-]{subsection.3.1.8}{\376\377\000U\000S\000E\000R\000\040\000B\000I\000N\000D\000\040\000C\000O\000N\000T\000R\000O\000L\000\040\000\050\000b\000o\000o\000l\000e\000a\000n\000,\000\040\000d\000e\000f\000a\000u\000l\000t\000=\040\031\000y\000e\000s\040\031\000\051}{section.3.1}% 34
\BOOKMARK [2][-]{subsection.3.1.9}{\376\377\000A\000U\000T\000O\000F\000S\000\040\000B\000U\000G\000\040\000P\000A\000T\000H\000\040\000\050\000s\000t\000r\000i\000n\000g\000\051}{section.3.1}% 35
\BOOKMARK [1][-]{section.3.2}{\376\377\000L\000o\000g\000g\000i\000n\000g}{chapter.3}% 36
\BOOKMARK [1][-]{section.3.3}{\376\377\000L\000o\000o\000p\000\040\000D\000e\000v\000i\000c\000e\000s}{chapter.3}% 37
\BOOKMARK [0][-]{chapter.4}{\376\377\000C\000o\000n\000t\000a\000i\000n\000e\000r\000\040\000C\000h\000e\000c\000k\000s}{}% 38
\BOOKMARK [1][-]{section.4.1}{\376\377\000W\000h\000a\000t\000\040\000i\000s\000\040\000a\000\040\000c\000h\000e\000c\000k\000?}{chapter.4}% 39
\BOOKMARK [2][-]{subsection.4.1.1}{\376\377\000A\000d\000d\000i\000n\000g\000\040\000a\000\040\000C\000h\000e\000c\000k}{section.4.1}% 40
\BOOKMARK [1][-]{section.4.2}{\376\377\000H\000o\000w\000\040\000t\000o\000\040\000t\000e\000l\000l\000\040\000u\000s\000e\000r\000s\000?}{chapter.4}% 41
\BOOKMARK [0][-]{chapter.5}{\376\377\000T\000r\000o\000u\000b\000l\000e\000s\000h\000o\000o\000t\000i\000n\000g}{}% 42
\BOOKMARK [1][-]{section.5.1}{\376\377\000N\000o\000t\000\040\000i\000n\000s\000t\000a\000l\000l\000e\000d\000\040\000c\000o\000r\000r\000e\000c\000t\000l\000y\000,\000\040\000o\000r\000\040\000i\000n\000s\000t\000a\000l\000l\000e\000d\000\040\000t\000o\000\040\000a\000\040\000n\000o\000n\000-\000c\000o\000m\000p\000a\000t\000i\000b\000l\000e\000\040\000l\000o\000c\000a\000t\000i\000o\000n}{chapter.5}% 43
\BOOKMARK [0][-]{chapter.6}{\376\377\000I\000n\000s\000t\000a\000l\000l\000a\000t\000i\000o\000n\000\040\000E\000n\000v\000i\000r\000o\000n\000m\000e\000n\000t\000s}{}% 44
\BOOKMARK [1][-]{section.6.1}{\376\377\000S\000i\000n\000g\000u\000l\000a\000r\000i\000t\000y\000\040\000o\000n\000\040\000H\000P\000C}{chapter.6}% 45
\BOOKMARK [2][-]{subsection.6.1.1}{\376\377\000W\000o\000r\000k\000f\000l\000o\000w\000s}{section.6.1}% 46
\BOOKMARK [3][-]{subsubsection.6.1.1.1}{\376\377\000I\000n\000t\000e\000g\000r\000a\000t\000i\000o\000n\000\040\000w\000i\000t\000h\000\040\000M\000P\000I}{subsection.6.1.1}% 47
\BOOKMARK [3][-]{subsubsection.6.1.1.2}{\376\377\000T\000u\000t\000o\000r\000i\000a\000l\000s}{subsection.6.1.1}% 48
\BOOKMARK [3][-]{subsubsection.6.1.1.3}{\376\377\000M\000P\000I\000\040\000D\000e\000v\000e\000l\000o\000p\000m\000e\000n\000t\000\040\000E\000x\000a\000m\000p\000l\000e}{subsection.6.1.1}% 49
\BOOKMARK [3][-]{subsubsection.6.1.1.4}{\376\377\000C\000o\000d\000e\000\040\000E\000x\000a\000m\000p\000l\000e\000\040\000u\000s\000i\000n\000g\000\040\000O\000p\000e\000n\000\040\000M\000P\000I\000\040\0002\000.\0001\000.\0000\000\040\000S\000t\000a\000b\000l\000e}{subsection.6.1.1}% 50
\BOOKMARK [3][-]{subsubsection.6.1.1.5}{\376\377\000C\000o\000d\000e\000\040\000E\000x\000a\000m\000p\000l\000e\000\040\000u\000s\000i\000n\000g\000\040\000O\000p\000e\000n\000\040\000M\000P\000I\000\040\000g\000i\000t\000\040\000m\000a\000s\000t\000e\000r}{subsection.6.1.1}% 51
\BOOKMARK [1][-]{section.6.2}{\376\377\000I\000m\000a\000g\000e\000\040\000E\000n\000v\000i\000r\000o\000n\000m\000e\000n\000t}{chapter.6}% 52
\BOOKMARK [2][-]{subsection.6.2.1}{\376\377\000D\000i\000r\000e\000c\000t\000o\000r\000y\000\040\000a\000c\000c\000e\000s\000s}{section.6.2}% 53
\BOOKMARK [3][-]{subsubsection.6.2.1.1}{\376\377\000C\000u\000r\000r\000e\000n\000t\000\040\000W\000o\000r\000k\000i\000n\000g\000\040\000D\000i\000r\000e\000c\000t\000o\000r\000y}{subsection.6.2.1}% 54
\BOOKMARK [2][-]{subsection.6.2.2}{\376\377\000S\000t\000a\000n\000d\000a\000r\000d\000\040\000I\000O\000\040\000a\000n\000d\000\040\000p\000i\000p\000e\000s}{section.6.2}% 55
\BOOKMARK [2][-]{subsection.6.2.3}{\376\377\000C\000o\000n\000t\000a\000i\000n\000i\000n\000g\000\040\000t\000h\000e\000\040\000c\000o\000n\000t\000a\000i\000n\000e\000r}{section.6.2}% 56
\BOOKMARK [1][-]{section.6.3}{\376\377\000L\000i\000c\000e\000n\000s\000e}{chapter.6}% 57
\BOOKMARK [2][-]{subsection.6.3.1}{\376\377\000I\000n\000\040\000l\000a\000y\000m\000a\000n\000\040\000t\000e\000r\000m\000s\040\046}{section.6.3}% 58
\BOOKMARK [0][-]{chapter.7}{\376\377\000A\000p\000p\000e\000n\000d\000i\000x}{}% 59
\BOOKMARK [1][-]{section.7.1}{\376\377\000U\000s\000i\000n\000g\000\040\000H\000o\000s\000t\000\040\000l\000i\000b\000r\000a\000r\000i\000e\000s\000:\000\040\000G\000P\000U\000\040\000d\000r\000i\000v\000e\000r\000s\000\040\000a\000n\000d\000\040\000O\000p\000e\000n\000M\000P\000I\000\040\000B\000T\000L\000s}{chapter.7}% 60
\BOOKMARK [2][-]{subsection.7.1.1}{\376\377\000W\000h\000a\000t\000\040\000W\000e\000\040\000w\000i\000l\000l\000\040\000l\000e\000a\000r\000n\000\040\000t\000o\000d\000a\000y}{section.7.1}% 61
\BOOKMARK [2][-]{subsection.7.1.2}{\376\377\000E\000n\000v\000i\000r\000o\000n\000m\000e\000n\000t}{section.7.1}% 62
\BOOKMARK [2][-]{subsection.7.1.3}{\376\377\000C\000r\000e\000a\000t\000i\000n\000g\000\040\000y\000o\000u\000r\000\040\000i\000m\000a\000g\000e}{section.7.1}% 63
\BOOKMARK [2][-]{subsection.7.1.4}{\376\377\000E\000x\000e\000c\000u\000t\000i\000n\000g\000\040\000y\000o\000u\000r\000\040\000i\000m\000a\000g\000e}{section.7.1}% 64
\BOOKMARK [1][-]{section.7.2}{\376\377\000B\000u\000i\000l\000d\000i\000n\000g\000\040\000a\000n\000\040\000U\000b\000u\000n\000t\000u\000\040\000i\000m\000a\000g\000e\000\040\000o\000n\000\040\000a\000\040\000R\000H\000E\000L\000\040\000h\000o\000s\000t}{chapter.7}% 65
\BOOKMARK [2][-]{subsection.7.2.1}{\376\377\000P\000r\000e\000p\000a\000r\000a\000t\000i\000o\000n}{section.7.2}% 66
\BOOKMARK [3][-]{subsubsection.7.2.1.1}{\376\377\000C\000r\000e\000a\000t\000i\000n\000g\000\040\000t\000h\000e\000\040\000D\000e\000f\000i\000n\000i\000t\000i\000o\000n\000\040\000F\000i\000l\000e}{subsection.7.2.1}% 67
\BOOKMARK [3][-]{subsubsection.7.2.1.2}{\376\377\000C\000r\000e\000a\000t\000i\000n\000g\000\040\000y\000o\000u\000r\000\040\000i\000m\000a\000g\000e}{subsection.7.2.1}% 68
\BOOKMARK [3][-]{subsubsection.7.2.1.3}{\376\377\000U\000s\000e\000\040\000h\000e\000r\000e\000\040\000d\000o\000c\000u\000m\000e\000n\000t\000s\000\040\000w\000i\000t\000h\000\040\000R\000u\000n\000C\000m\000d}{subsection.7.2.1}% 69
\BOOKMARK [3][-]{subsubsection.7.2.1.4}{\376\377\000U\000s\000e\000\040\000I\000n\000s\000t\000a\000l\000l\000P\000k\000g\000s\000\040\000w\000i\000t\000h\000\040\000m\000u\000l\000t\000i\000p\000l\000e\000\040\000p\000a\000c\000k\000a\000g\000e\000s}{subsection.7.2.1}% 70
